Traceback (most recent call last):
  File "/opt/hostedtoolcache/Python/3.8.18/x64/lib/python3.8/site-packages/jupyter_cache/executors/utils.py", line 58, in single_nb_execution
    executenb(
  File "/opt/hostedtoolcache/Python/3.8.18/x64/lib/python3.8/site-packages/nbclient/client.py", line 1305, in execute
    return NotebookClient(nb=nb, resources=resources, km=km, **kwargs).execute()
  File "/opt/hostedtoolcache/Python/3.8.18/x64/lib/python3.8/site-packages/jupyter_core/utils/__init__.py", line 165, in wrapped
    return loop.run_until_complete(inner)
  File "/opt/hostedtoolcache/Python/3.8.18/x64/lib/python3.8/asyncio/base_events.py", line 616, in run_until_complete
    return future.result()
  File "/opt/hostedtoolcache/Python/3.8.18/x64/lib/python3.8/site-packages/nbclient/client.py", line 705, in async_execute
    await self.async_execute_cell(
  File "/opt/hostedtoolcache/Python/3.8.18/x64/lib/python3.8/site-packages/nbclient/client.py", line 1058, in async_execute_cell
    await self._check_raise_for_error(cell, cell_index, exec_reply)
  File "/opt/hostedtoolcache/Python/3.8.18/x64/lib/python3.8/site-packages/nbclient/client.py", line 914, in _check_raise_for_error
    raise CellExecutionError.from_cell_and_msg(cell, exec_reply_content)
nbclient.exceptions.CellExecutionError: An error occurred while executing the following cell:
------------------
# first imports to use SPARQL endpoints of each source and execute SPARQL queries
import sys, os, time
!{sys.executable} -m pip install SPARQLWrapper
from SPARQLWrapper import SPARQLWrapper, JSON
import pandas as pd

# always display full column results (don't truncate output)
pd.set_option('display.max_colwidth', -1)

# define the endpoints as wrappers for executing SPARQL queries
sparql_uniprot = SPARQLWrapper("https://sparql.uniprot.org/sparql")

# function to print in a table results of a SPARQL query
def pretty_print(results):
    
    # how to transform SPARQL results into Pandas dataframes
    
    # get header (column names) from results
    header = results["results"]["bindings"][0].keys()

    # display table of results:
    table = []
    
    # the SPARQL JSON results to the query are available in the "results", "bindings" entry:
    for entry in results["results"]["bindings"]:
        # append entries from the results to a regular Python list of rows, which we can then transform to a Pandas DF
        row = [entry[column]["value"] if entry.get(column, None) != None else None for column in header]
        table.append(row)
    df = pd.DataFrame(table, columns=list(header))
    return df
------------------

----- stdout -----
Collecting SPARQLWrapper
----- stdout -----
  Downloading SPARQLWrapper-2.0.0-py3-none-any.whl.metadata (2.0 kB)
----- stdout -----
Collecting rdflib>=6.1.1 (from SPARQLWrapper)
  Downloading rdflib-7.0.0-py3-none-any.whl.metadata (11 kB)
----- stdout -----
Collecting isodate<0.7.0,>=0.6.0 (from rdflib>=6.1.1->SPARQLWrapper)
  Downloading isodate-0.6.1-py2.py3-none-any.whl.metadata (9.6 kB)
Requirement already satisfied: pyparsing<4,>=2.1.0 in /opt/hostedtoolcache/Python/3.8.18/x64/lib/python3.8/site-packages (from rdflib>=6.1.1->SPARQLWrapper) (3.1.2)
Requirement already satisfied: six in /opt/hostedtoolcache/Python/3.8.18/x64/lib/python3.8/site-packages (from isodate<0.7.0,>=0.6.0->rdflib>=6.1.1->SPARQLWrapper) (1.16.0)
Downloading SPARQLWrapper-2.0.0-py3-none-any.whl (28 kB)
----- stdout -----
Downloading rdflib-7.0.0-py3-none-any.whl (531 kB)
[?25l   [90mâ”â”â”â”â”â”â”â”â”â”â”â”â”â”â”â”â”â”â”â”â”â”â”â”â”â”â”â”â”â”â”â”â”â”â”â”â”â”â”â”[0m [32m0.0/531.9 kB[0m [31m?[0m eta [36m-:--:--[0m[2K   [90mâ”â”â”â”â”â”â”â”â”â”â”â”â”â”â”â”â”â”â”â”â”â”â”â”â”â”â”â”â”â”â”â”â”â”â”â”â”â”â”â”[0m [32m531.9/531.9 kB[0m [31m29.7 MB/s[0m eta [36m0:00:00[0m
[?25hDownloading isodate-0.6.1-py2.py3-none-any.whl (41 kB)
[?25l   [90mâ”â”â”â”â”â”â”â”â”â”â”â”â”â”â”â”â”â”â”â”â”â”â”â”â”â”â”â”â”â”â”â”â”â”â”â”â”â”â”â”[0m [32m0.0/41.7 kB[0m [31m?[0m eta [36m-:--:--[0m[2K   [90mâ”â”â”â”â”â”â”â”â”â”â”â”â”â”â”â”â”â”â”â”â”â”â”â”â”â”â”â”â”â”â”â”â”â”â”â”â”â”â”â”[0m [32m41.7/41.7 kB[0m [31m8.9 MB/s[0m eta [36m0:00:00[0m
[?25h
----- stdout -----
Installing collected packages: isodate, rdflib, SPARQLWrapper
----- stdout -----
Successfully installed SPARQLWrapper-2.0.0 isodate-0.6.1 rdflib-7.0.0
----- stdout -----

[1m[[0m[34;49mnotice[0m[1;39;49m][0m[39;49m A new release of pip is available: [0m[31;49m23.0.1[0m[39;49m -> [0m[32;49m24.0[0m
[1m[[0m[34;49mnotice[0m[1;39;49m][0m[39;49m To update, run: [0m[32;49mpip install --upgrade pip[0m
------------------

[0;31m---------------------------------------------------------------------------[0m
[0;31mModuleNotFoundError[0m                       Traceback (most recent call last)
Cell [0;32mIn[1], line 5[0m
[1;32m      3[0m get_ipython()[38;5;241m.[39msystem([38;5;124m'[39m[38;5;132;01m{sys.executable}[39;00m[38;5;124m -m pip install SPARQLWrapper[39m[38;5;124m'[39m)
[1;32m      4[0m [38;5;28;01mfrom[39;00m [38;5;21;01mSPARQLWrapper[39;00m [38;5;28;01mimport[39;00m SPARQLWrapper, JSON
[0;32m----> 5[0m [38;5;28;01mimport[39;00m [38;5;21;01mpandas[39;00m [38;5;28;01mas[39;00m [38;5;21;01mpd[39;00m
[1;32m      7[0m [38;5;66;03m# always display full column results (don't truncate output)[39;00m
[1;32m      8[0m pd[38;5;241m.[39mset_option([38;5;124m'[39m[38;5;124mdisplay.max_colwidth[39m[38;5;124m'[39m, [38;5;241m-[39m[38;5;241m1[39m)

[0;31mModuleNotFoundError[0m: No module named 'pandas'

